<?xml version="1.0" encoding="UTF-8"?>
<!-- Generated by org.testng.reporters.JUnitXMLReporter -->
<testsuite ignored="2" hostname="DESKTOP-N5GNGCF" failures="2" tests="2" name="LoginPageTestNG" time="0.165" errors="0" timestamp="2022-06-15T12:01:56 IST">
  <testcase classname="TestCases" name="loginToPageTest" time="0.023">
    <failure type="java.lang.NullPointerException" message="Cannot invoke &amp;quot;Pages.LoginPage.loginToPage()&amp;quot; because &amp;quot;this.login&amp;quot; is null">
      <![CDATA[java.lang.NullPointerException: Cannot invoke "Pages.LoginPage.loginToPage()" because "this.login" is null
at TestCases.loginToPageTest(TestCases.java:43)
at java.base/java.util.ArrayList.forEach(ArrayList.java:1511)
... Removed 27 stack frames]]>
    </failure>
  </testcase> <!-- loginToPageTest -->
  <testcase classname="TestCases" name="verifyzerodhaLogo" time="0.004">
    <failure type="java.lang.NullPointerException" message="Cannot invoke &amp;quot;Pages.LoginPage.verifyzerodhaLogo()&amp;quot; because &amp;quot;this.login&amp;quot; is null">
      <![CDATA[java.lang.NullPointerException: Cannot invoke "Pages.LoginPage.verifyzerodhaLogo()" because "this.login" is null
at TestCases.verifyzerodhaLogo(TestCases.java:38)
at java.base/java.util.ArrayList.forEach(ArrayList.java:1511)
... Removed 27 stack frames]]>
    </failure>
  </testcase> <!-- verifyzerodhaLogo -->
  <testcase classname="TestCases" name="verifykitLogoTest" time="0.0">
    <ignored/>
  </testcase> <!-- verifykitLogoTest -->
  <testcase classname="TestCases" name="verifyTitleTest" time="0.0">
    <ignored/>
  </testcase> <!-- verifyTitleTest -->
</testsuite> <!-- LoginPageTestNG -->
